<?xml version="1.0" encoding="UTF-8"?>
<!-- Generated by org.testng.reporters.JUnitReportReporter -->
<testsuite hostname="LAPTOP-RECDC7GO" failures="0" tests="1" name="com.example.UITest" time="36.220" errors="0" timestamp="2022-09-22T16:16:02 CAT" skipped="0">
  <testcase classname="com.example.UITest" name="scenario1" time="36.220"/>
  <system-out/>
</testsuite> <!-- com.example.UITest -->
