<?xml version="1.0" encoding="UTF-8"?>
<!-- Generated by org.testng.reporters.JUnitReportReporter -->
<testsuite hostname="LAPTOP-RECDC7GO" failures="0" tests="1" name="com.example.NewTest2" time="33.048" errors="0" timestamp="2022-09-21T18:51:08 CAT" skipped="0">
  <testcase classname="com.example.NewTest2" name="scenario1" time="33.048"/>
  <system-out/>
</testsuite> <!-- com.example.NewTest2 -->
